<?xml version="1.0" encoding="UTF-8"?>
<!-- Generated by org.testng.reporters.JUnitReportReporter -->
<testsuite hostname="SHERIS-LAPTOP" failures="0" tests="1" name="driverFactory.DriverScript" time="12.684" errors="0" timestamp="2023-12-08T20:59:26 IST" skipped="0">
  <testcase classname="driverFactory.DriverScript" name="startTest" time="12.684">
    <system-out>
      <![CDATA[Number of Rows are:::: 11
Login Pass::adminflow.aspx    http://primusbank.qedgetech.com/adminflow.aspx
Login Pass::adminflow.aspx    http://primusbank.qedgetech.com/adminflow.aspx
Login Pass::adminflow.aspx    http://primusbank.qedgetech.com/adminflow.aspx
Login Pass::adminflow.aspx    http://primusbank.qedgetech.com/adminflow.aspx
Login Pass::adminflow.aspx    http://primusbank.qedgetech.com/adminflow.aspx
Login Pass::adminflow.aspx    http://primusbank.qedgetech.com/adminflow.aspx
Login Pass::adminflow.aspx    http://primusbank.qedgetech.com/adminflow.aspx
Login Pass::adminflow.aspx    http://primusbank.qedgetech.com/adminflow.aspx
Login Pass::adminflow.aspx    http://primusbank.qedgetech.com/adminflow.aspx
Login Pass::adminflow.aspx    http://primusbank.qedgetech.com/adminflow.aspx
Login Pass::adminflow.aspx    http://primusbank.qedgetech.com/adminflow.aspx]]>
    </system-out>
  </testcase> <!-- startTest -->
  <system-out>
    <![CDATA[Number of Rows are:::: 11
Login Pass::adminflow.aspx    http://primusbank.qedgetech.com/adminflow.aspx
Login Pass::adminflow.aspx    http://primusbank.qedgetech.com/adminflow.aspx
Login Pass::adminflow.aspx    http://primusbank.qedgetech.com/adminflow.aspx
Login Pass::adminflow.aspx    http://primusbank.qedgetech.com/adminflow.aspx
Login Pass::adminflow.aspx    http://primusbank.qedgetech.com/adminflow.aspx
Login Pass::adminflow.aspx    http://primusbank.qedgetech.com/adminflow.aspx
Login Pass::adminflow.aspx    http://primusbank.qedgetech.com/adminflow.aspx
Login Pass::adminflow.aspx    http://primusbank.qedgetech.com/adminflow.aspx
Login Pass::adminflow.aspx    http://primusbank.qedgetech.com/adminflow.aspx
Login Pass::adminflow.aspx    http://primusbank.qedgetech.com/adminflow.aspx
Login Pass::adminflow.aspx    http://primusbank.qedgetech.com/adminflow.aspx]]>
  </system-out>
</testsuite> <!-- driverFactory.DriverScript -->
